[2025-04-30 02:46:41,287] 1025 httpx -INFO -HTTP Request: GET https://dagshub.com/api/v1/user "HTTP/1.1 200 OK"
[2025-04-30 02:46:41,295] 107 dagshub -INFO -Accessing as IAMLATI
[2025-04-30 02:46:41,491] 1025 httpx -INFO -HTTP Request: GET https://dagshub.com/api/v1/repos/IAMLATI/ML_Networksecurity "HTTP/1.1 200 OK"
[2025-04-30 02:46:41,633] 1025 httpx -INFO -HTTP Request: GET https://dagshub.com/api/v1/user "HTTP/1.1 200 OK"
[2025-04-30 02:46:41,639] 107 dagshub -INFO -Initialized MLflow to track repo "IAMLATI/ML_Networksecurity"
[2025-04-30 02:46:41,640] 107 dagshub -INFO -Repository IAMLATI/ML_Networksecurity initialized!
[2025-04-30 02:46:41,641] 18 root -INFO -initiate the data ingestion
[2025-04-30 02:46:43,425] 66 root -INFO -performed train test split on the dataframe
[2025-04-30 02:46:43,426] 68 root -INFO -Exited split_data_as_train_test method of Data_Ingestion Class
[2025-04-30 02:46:43,426] 73 root -INFO -Exporting train and test file path.
[2025-04-30 02:46:43,516] 82 root -INFO -Exporting train and test file path.
[2025-04-30 02:46:43,517] 20 root -INFO -data initiation completed
[2025-04-30 02:46:43,543] 24 root -INFO -Initiate the data Validation
[2025-04-30 02:46:43,612] 33 root -INFO -Required number of columns:2
[2025-04-30 02:46:43,612] 34 root -INFO -Data frame has columns:31
[2025-04-30 02:46:43,612] 33 root -INFO -Required number of columns:2
[2025-04-30 02:46:43,612] 34 root -INFO -Data frame has columns:31
[2025-04-30 02:46:43,816] 26 root -INFO -data Validation Completed
[2025-04-30 02:46:43,817] 48 root -INFO -Entered initiate data transformation method of Data Transformation Class
[2025-04-30 02:46:43,817] 51 root -INFO -starting data transformation
[2025-04-30 02:46:43,853] 33 root -INFO -Entered get data transformer object method of transformation class
[2025-04-30 02:46:43,853] 38 root -INFO -Initialize KNNImputer with {'missing_values': nan, 'n_neighbors': 3, 'weights': 'uniform'}
[2025-04-30 02:46:43,876] 47 root -INFO -Entered the save_object method of MainUtils class
[2025-04-30 02:46:43,880] 51 root -INFO -Exited the save_object method of MainUtils class
[2025-04-30 02:46:43,882] 32 root -INFO -Data Transformation Completed
[2025-04-30 02:46:43,883] 34 root -INFO -Model Training sstared
